<?xml version="1.0" encoding="UTF-8"?>
<coverage generated="1737304256137" clover="3.2.0">
  <project timestamp="1737304256137" name="All files">
    <metrics statements="59" coveredstatements="15" conditionals="8" coveredconditionals="4" methods="16" coveredmethods="3" elements="83" coveredelements="22" complexity="0" loc="59" ncloc="59" packages="2" files="3" classes="3"/>
    <package name="components">
      <metrics statements="42" coveredstatements="2" conditionals="4" coveredconditionals="0" methods="11" coveredmethods="0"/>
      <file name="Weather.js" path="/Users/wildheartt/projectweather/weatheroutcast/src/components/Weather.js">
        <metrics statements="42" coveredstatements="2" conditionals="4" coveredconditionals="0" methods="11" coveredmethods="0"/>
        <line num="4" count="1" type="stmt"/>
        <line num="5" count="0" type="stmt"/>
        <line num="7" count="0" type="stmt"/>
        <line num="8" count="0" type="stmt"/>
        <line num="20" count="0" type="stmt"/>
        <line num="21" count="0" type="stmt"/>
        <line num="22" count="0" type="stmt"/>
        <line num="23" count="0" type="stmt"/>
        <line num="24" count="0" type="stmt"/>
        <line num="25" count="0" type="stmt"/>
        <line num="26" count="0" type="stmt"/>
        <line num="27" count="0" type="stmt"/>
        <line num="30" count="0" type="stmt"/>
        <line num="34" count="0" type="stmt"/>
        <line num="35" count="0" type="cond" truecount="0" falsecount="2"/>
        <line num="36" count="0" type="stmt"/>
        <line num="38" count="0" type="stmt"/>
        <line num="39" count="0" type="stmt"/>
        <line num="40" count="0" type="stmt"/>
        <line num="41" count="0" type="stmt"/>
        <line num="42" count="0" type="stmt"/>
        <line num="43" count="0" type="stmt"/>
        <line num="44" count="0" type="stmt"/>
        <line num="45" count="0" type="stmt"/>
        <line num="48" count="0" type="stmt"/>
        <line num="52" count="0" type="stmt"/>
        <line num="56" count="0" type="stmt"/>
        <line num="60" count="0" type="stmt"/>
        <line num="61" count="0" type="stmt"/>
        <line num="62" count="0" type="stmt"/>
        <line num="66" count="0" type="stmt"/>
        <line num="67" count="0" type="stmt"/>
        <line num="68" count="0" type="stmt"/>
        <line num="69" count="0" type="cond" truecount="0" falsecount="2"/>
        <line num="70" count="0" type="stmt"/>
        <line num="71" count="0" type="stmt"/>
        <line num="74" count="0" type="stmt"/>
        <line num="77" count="0" type="stmt"/>
        <line num="78" count="0" type="stmt"/>
        <line num="83" count="1" type="stmt"/>
        <line num="84" count="0" type="stmt"/>
        <line num="85" count="0" type="stmt"/>
      </file>
    </package>
    <package name="utils">
      <metrics statements="17" coveredstatements="13" conditionals="4" coveredconditionals="4" methods="5" coveredmethods="3"/>
      <file name="api.js" path="/Users/wildheartt/projectweather/weatheroutcast/src/utils/api.js">
        <metrics statements="7" coveredstatements="3" conditionals="0" coveredconditionals="0" methods="2" coveredmethods="0"/>
        <line num="3" count="1" type="stmt"/>
        <line num="5" count="1" type="stmt"/>
        <line num="6" count="0" type="stmt"/>
        <line num="18" count="0" type="stmt"/>
        <line num="21" count="1" type="stmt"/>
        <line num="22" count="0" type="stmt"/>
        <line num="33" count="0" type="stmt"/>
      </file>
      <file name="storage.js" path="/Users/wildheartt/projectweather/weatheroutcast/src/utils/storage.js">
        <metrics statements="10" coveredstatements="10" conditionals="4" coveredconditionals="4" methods="3" coveredmethods="3"/>
        <line num="1" count="2" type="stmt"/>
        <line num="3" count="2" type="stmt"/>
        <line num="4" count="20" type="stmt"/>
        <line num="5" count="20" type="cond" truecount="2" falsecount="0"/>
        <line num="8" count="2" type="stmt"/>
        <line num="9" count="14" type="stmt"/>
        <line num="10" count="75" type="stmt"/>
        <line num="11" count="14" type="stmt"/>
        <line num="12" count="14" type="cond" truecount="2" falsecount="0"/>
        <line num="13" count="14" type="stmt"/>
      </file>
    </package>
  </project>
</coverage>
