{"/Users/wildheartt/projectweather/weatheroutcast/src/components/Weather.js": {"path":"/Users/wildheartt/projectweather/weatheroutcast/src/components/Weather.js","statementMap":{"0":{"start":{"line":4,"column":16},"end":{"line":79,"column":1}},"1":{"start":{"line":5,"column":21},"end":{"line":5,"column":55}},"2":{"start":{"line":7,"column":24},"end":{"line":18,"column":3}},"3":{"start":{"line":8,"column":4},"end":{"line":17,"column":6}},"4":{"start":{"line":20,"column":33},"end":{"line":32,"column":3}},"5":{"start":{"line":21,"column":4},"end":{"line":31,"column":5}},"6":{"start":{"line":22,"column":19},"end":{"line":22,"column":47}},"7":{"start":{"line":23,"column":21},"end":{"line":23,"column":161}},"8":{"start":{"line":24,"column":6},"end":{"line":24,"column":34}},"9":{"start":{"line":25,"column":6},"end":{"line":25,"column":25}},"10":{"start":{"line":26,"column":22},"end":{"line":28,"column":7}},"11":{"start":{"line":27,"column":8},"end":{"line":27,"column":24}},"12":{"start":{"line":30,"column":6},"end":{"line":30,"column":110}},"13":{"start":{"line":34,"column":26},"end":{"line":58,"column":3}},"14":{"start":{"line":35,"column":4},"end":{"line":57,"column":5}},"15":{"start":{"line":36,"column":6},"end":{"line":54,"column":8}},"16":{"start":{"line":38,"column":42},"end":{"line":38,"column":57}},"17":{"start":{"line":39,"column":10},"end":{"line":49,"column":11}},"18":{"start":{"line":40,"column":25},"end":{"line":40,"column":70}},"19":{"start":{"line":41,"column":27},"end":{"line":41,"column":156}},"20":{"start":{"line":42,"column":12},"end":{"line":42,"column":40}},"21":{"start":{"line":43,"column":12},"end":{"line":43,"column":36}},"22":{"start":{"line":44,"column":28},"end":{"line":46,"column":13}},"23":{"start":{"line":45,"column":14},"end":{"line":45,"column":30}},"24":{"start":{"line":48,"column":12},"end":{"line":48,"column":97}},"25":{"start":{"line":52,"column":10},"end":{"line":52,"column":85}},"26":{"start":{"line":56,"column":6},"end":{"line":56,"column":84}},"27":{"start":{"line":60,"column":21},"end":{"line":75,"column":3}},"28":{"start":{"line":61,"column":17},"end":{"line":61,"column":47}},"29":{"start":{"line":62,"column":4},"end":{"line":65,"column":6}},"30":{"start":{"line":66,"column":4},"end":{"line":73,"column":7}},"31":{"start":{"line":67,"column":6},"end":{"line":67,"column":25}},"32":{"start":{"line":68,"column":19},"end":{"line":68,"column":69}},"33":{"start":{"line":69,"column":6},"end":{"line":72,"column":7}},"34":{"start":{"line":70,"column":8},"end":{"line":70,"column":37}},"35":{"start":{"line":71,"column":8},"end":{"line":71,"column":21}},"36":{"start":{"line":74,"column":4},"end":{"line":74,"column":29}},"37":{"start":{"line":77,"column":2},"end":{"line":77,"column":15}},"38":{"start":{"line":78,"column":2},"end":{"line":78,"column":20}},"39":{"start":{"line":83,"column":0},"end":{"line":86,"column":3}},"40":{"start":{"line":84,"column":15},"end":{"line":84,"column":21}},"41":{"start":{"line":85,"column":2},"end":{"line":85,"column":31}}},"fnMap":{"0":{"name":"(anonymous_0)","decl":{"start":{"line":4,"column":16},"end":{"line":4,"column":17}},"loc":{"start":{"line":4,"column":22},"end":{"line":79,"column":1}},"line":4},"1":{"name":"(anonymous_1)","decl":{"start":{"line":7,"column":24},"end":{"line":7,"column":25}},"loc":{"start":{"line":7,"column":42},"end":{"line":18,"column":3}},"line":7},"2":{"name":"(anonymous_2)","decl":{"start":{"line":20,"column":33},"end":{"line":20,"column":34}},"loc":{"start":{"line":20,"column":49},"end":{"line":32,"column":3}},"line":20},"3":{"name":"(anonymous_3)","decl":{"start":{"line":26,"column":53},"end":{"line":26,"column":54}},"loc":{"start":{"line":27,"column":8},"end":{"line":27,"column":24}},"line":27},"4":{"name":"(anonymous_4)","decl":{"start":{"line":34,"column":26},"end":{"line":34,"column":27}},"loc":{"start":{"line":34,"column":32},"end":{"line":58,"column":3}},"line":34},"5":{"name":"(anonymous_5)","decl":{"start":{"line":37,"column":8},"end":{"line":37,"column":9}},"loc":{"start":{"line":37,"column":28},"end":{"line":50,"column":9}},"line":37},"6":{"name":"(anonymous_6)","decl":{"start":{"line":44,"column":59},"end":{"line":44,"column":60}},"loc":{"start":{"line":45,"column":14},"end":{"line":45,"column":30}},"line":45},"7":{"name":"(anonymous_7)","decl":{"start":{"line":51,"column":8},"end":{"line":51,"column":9}},"loc":{"start":{"line":51,"column":19},"end":{"line":53,"column":9}},"line":51},"8":{"name":"(anonymous_8)","decl":{"start":{"line":60,"column":21},"end":{"line":60,"column":22}},"loc":{"start":{"line":60,"column":27},"end":{"line":75,"column":3}},"line":60},"9":{"name":"(anonymous_9)","decl":{"start":{"line":66,"column":36},"end":{"line":66,"column":37}},"loc":{"start":{"line":66,"column":43},"end":{"line":73,"column":5}},"line":66},"10":{"name":"(anonymous_10)","decl":{"start":{"line":83,"column":40},"end":{"line":83,"column":41}},"loc":{"start":{"line":83,"column":47},"end":{"line":86,"column":1}},"line":83}},"branchMap":{"0":{"loc":{"start":{"line":35,"column":4},"end":{"line":57,"column":5}},"type":"if","locations":[{"start":{"line":35,"column":4},"end":{"line":57,"column":5}},{"start":{"line":55,"column":11},"end":{"line":57,"column":5}}],"line":35},"1":{"loc":{"start":{"line":69,"column":6},"end":{"line":72,"column":7}},"type":"if","locations":[{"start":{"line":69,"column":6},"end":{"line":72,"column":7}},{"start":{},"end":{}}],"line":69}},"s":{"0":1,"1":3,"2":3,"3":0,"4":3,"5":0,"6":0,"7":0,"8":0,"9":0,"10":0,"11":0,"12":0,"13":3,"14":0,"15":0,"16":0,"17":0,"18":0,"19":0,"20":0,"21":0,"22":0,"23":0,"24":0,"25":0,"26":0,"27":3,"28":3,"29":3,"30":3,"31":0,"32":0,"33":0,"34":0,"35":0,"36":3,"37":3,"38":0,"39":1,"40":0,"41":0},"f":{"0":3,"1":0,"2":0,"3":0,"4":0,"5":0,"6":0,"7":0,"8":3,"9":0,"10":0},"b":{"0":[0,0],"1":[0,0]},"_coverageSchema":"1a1c01bbd47fc00a2c39e90264f33305004495a9","hash":"e5f2f50d7ecdc1e2ef83106ddd269403c071b57d"}
,"/Users/wildheartt/projectweather/weatheroutcast/src/utils/api.js": {"path":"/Users/wildheartt/projectweather/weatheroutcast/src/utils/api.js","statementMap":{"0":{"start":{"line":3,"column":16},"end":{"line":3,"column":44}},"1":{"start":{"line":5,"column":34},"end":{"line":19,"column":1}},"2":{"start":{"line":6,"column":19},"end":{"line":17,"column":3}},"3":{"start":{"line":18,"column":2},"end":{"line":18,"column":23}},"4":{"start":{"line":21,"column":32},"end":{"line":34,"column":1}},"5":{"start":{"line":22,"column":19},"end":{"line":32,"column":3}},"6":{"start":{"line":33,"column":2},"end":{"line":33,"column":23}}},"fnMap":{"0":{"name":"(anonymous_0)","decl":{"start":{"line":5,"column":34},"end":{"line":5,"column":35}},"loc":{"start":{"line":5,"column":54},"end":{"line":19,"column":1}},"line":5},"1":{"name":"(anonymous_1)","decl":{"start":{"line":21,"column":32},"end":{"line":21,"column":33}},"loc":{"start":{"line":21,"column":48},"end":{"line":34,"column":1}},"line":21}},"branchMap":{},"s":{"0":1,"1":1,"2":0,"3":0,"4":1,"5":0,"6":0},"f":{"0":0,"1":0},"b":{},"_coverageSchema":"1a1c01bbd47fc00a2c39e90264f33305004495a9","hash":"86dea9cd09477aa8b4ec202494f52c4967f6824e"}
,"/Users/wildheartt/projectweather/weatheroutcast/src/utils/storage.js": {"path":"/Users/wildheartt/projectweather/weatheroutcast/src/utils/storage.js","statementMap":{"0":{"start":{"line":1,"column":20},"end":{"line":1,"column":39}},"1":{"start":{"line":3,"column":26},"end":{"line":6,"column":1}},"2":{"start":{"line":4,"column":18},"end":{"line":4,"column":51}},"3":{"start":{"line":5,"column":2},"end":{"line":5,"column":44}},"4":{"start":{"line":8,"column":28},"end":{"line":14,"column":1}},"5":{"start":{"line":9,"column":16},"end":{"line":9,"column":28}},"6":{"start":{"line":10,"column":2},"end":{"line":10,"column":80}},"7":{"start":{"line":10,"column":37},"end":{"line":10,"column":78}},"8":{"start":{"line":11,"column":2},"end":{"line":11,"column":24}},"9":{"start":{"line":12,"column":2},"end":{"line":12,"column":41}},"10":{"start":{"line":12,"column":27},"end":{"line":12,"column":41}},"11":{"start":{"line":13,"column":2},"end":{"line":13,"column":61}}},"fnMap":{"0":{"name":"(anonymous_0)","decl":{"start":{"line":3,"column":26},"end":{"line":3,"column":27}},"loc":{"start":{"line":3,"column":32},"end":{"line":6,"column":1}},"line":3},"1":{"name":"(anonymous_1)","decl":{"start":{"line":8,"column":28},"end":{"line":8,"column":29}},"loc":{"start":{"line":8,"column":38},"end":{"line":14,"column":1}},"line":8},"2":{"name":"(anonymous_2)","decl":{"start":{"line":10,"column":27},"end":{"line":10,"column":28}},"loc":{"start":{"line":10,"column":37},"end":{"line":10,"column":78}},"line":10}},"branchMap":{"0":{"loc":{"start":{"line":5,"column":9},"end":{"line":5,"column":43}},"type":"cond-expr","locations":[{"start":{"line":5,"column":19},"end":{"line":5,"column":38}},{"start":{"line":5,"column":41},"end":{"line":5,"column":43}}],"line":5},"1":{"loc":{"start":{"line":12,"column":2},"end":{"line":12,"column":41}},"type":"if","locations":[{"start":{"line":12,"column":2},"end":{"line":12,"column":41}},{"start":{},"end":{}}],"line":12}},"s":{"0":2,"1":2,"2":20,"3":20,"4":2,"5":14,"6":14,"7":75,"8":14,"9":14,"10":2,"11":14},"f":{"0":20,"1":14,"2":75},"b":{"0":[17,3],"1":[2,12]},"_coverageSchema":"1a1c01bbd47fc00a2c39e90264f33305004495a9","hash":"b86671a417e55d47f3f4c0f8ca07e4263e05feb9"}
}
