TN:
SF:src/components/Weather.js
FN:4,(anonymous_0)
FN:7,(anonymous_1)
FN:20,(anonymous_2)
FN:26,(anonymous_3)
FN:34,(anonymous_4)
FN:37,(anonymous_5)
FN:44,(anonymous_6)
FN:51,(anonymous_7)
FN:60,(anonymous_8)
FN:66,(anonymous_9)
FN:83,(anonymous_10)
FNF:11
FNH:2
FNDA:3,(anonymous_0)
FNDA:0,(anonymous_1)
FNDA:0,(anonymous_2)
FNDA:0,(anonymous_3)
FNDA:0,(anonymous_4)
FNDA:0,(anonymous_5)
FNDA:0,(anonymous_6)
FNDA:0,(anonymous_7)
FNDA:3,(anonymous_8)
FNDA:0,(anonymous_9)
FNDA:0,(anonymous_10)
DA:4,1
DA:5,3
DA:7,3
DA:8,0
DA:20,3
DA:21,0
DA:22,0
DA:23,0
DA:24,0
DA:25,0
DA:26,0
DA:27,0
DA:30,0
DA:34,3
DA:35,0
DA:36,0
DA:38,0
DA:39,0
DA:40,0
DA:41,0
DA:42,0
DA:43,0
DA:44,0
DA:45,0
DA:48,0
DA:52,0
DA:56,0
DA:60,3
DA:61,3
DA:62,3
DA:66,3
DA:67,0
DA:68,0
DA:69,0
DA:70,0
DA:71,0
DA:74,3
DA:77,3
DA:78,0
DA:83,1
DA:84,0
DA:85,0
LF:42
LH:12
BRDA:35,0,0,0
BRDA:35,0,1,0
BRDA:69,1,0,0
BRDA:69,1,1,0
BRF:4
BRH:0
end_of_record
TN:
SF:src/utils/api.js
FN:5,(anonymous_0)
FN:21,(anonymous_1)
FNF:2
FNH:0
FNDA:0,(anonymous_0)
FNDA:0,(anonymous_1)
DA:3,1
DA:5,1
DA:6,0
DA:18,0
DA:21,1
DA:22,0
DA:33,0
LF:7
LH:3
BRF:0
BRH:0
end_of_record
TN:
SF:src/utils/storage.js
FN:3,(anonymous_0)
FN:8,(anonymous_1)
FN:10,(anonymous_2)
FNF:3
FNH:3
FNDA:20,(anonymous_0)
FNDA:14,(anonymous_1)
FNDA:75,(anonymous_2)
DA:1,2
DA:3,2
DA:4,20
DA:5,20
DA:8,2
DA:9,14
DA:10,75
DA:11,14
DA:12,14
DA:13,14
LF:10
LH:10
BRDA:5,0,0,17
BRDA:5,0,1,3
BRDA:12,1,0,2
BRDA:12,1,1,12
BRF:4
BRH:4
end_of_record
